#
# A fatal error has been detected by the Java Runtime Environment:
#
#  Internal Error (t:/workspace/open/src/hotspot/os_cpu/windows_x86/os_windows_x86.cpp:145), pid=20372, tid=15864
#  guarantee(result == EXCEPTION_CONTINUE_EXECUTION) failed: Unexpected result from topLevelExceptionFilter
#
# JRE version: OpenJDK Runtime Environment (11.0+28) (build 11+28)
# Java VM: OpenJDK 64-Bit Server VM (11+28, mixed mode, tiered, compressed oops, g1 gc, windows-amd64)
# No core dump will be written. Minidumps are not enabled by default on client versions of Windows
#
# If you would like to submit a bug report, please visit:
#   http://bugreport.java.com/bugreport/crash.jsp
# The crash happened outside the Java Virtual Machine in native code.
# See problematic frame for where to report the bug.
#

---------------  S U M M A R Y ------------

Command Line: -Dfile.encoding=UTF8 -ea -Xmx1024m 

Host: Intel(R) Core(TM) i5-7300HQ CPU @ 2.50GHz, 4 cores, 7G,  Windows 10 , 64 bit Build 19041 (10.0.19041.1466)
Time: Fri May  5 17:44:40 2023 대한민국 표준시 elapsed time: 35 seconds (0d 0h 0m 35s)

---------------  T H R E A D  ---------------

Current thread (0x000001ac1f29d800):  JavaThread "Python Reference Queue" daemon [_thread_in_native, id=15864, stack(0x0000008500f80000,0x0000008501170000)]

Stack: [0x0000008500f80000,0x0000008501170000]
Native frames: (J=compiled Java code, j=interpreted, Vv=VM code, C=native code)
V  [jvm.dll+0x63adaa]
V  [jvm.dll+0x77852f]
V  [jvm.dll+0x779b18]
V  [jvm.dll+0x77a187]
V  [jvm.dll+0x26241c]
V  [jvm.dll+0x63a89c]
C  [ntdll.dll+0xa20cf]
C  [ntdll.dll+0x51454]
C  [ntdll.dll+0xa0bfe]
C  [tcl86t.dll+0xf8bbd]

Java frames: (J=compiled Java code, j=interpreted, Vv=VM code)
j  org.jpype.ref.JPypeReferenceNative.wake()V+0
j  org.jpype.ref.JPypeReferenceQueue$Worker.run()V+42
j  java.lang.Thread.run()V+11 java.base@11
v  ~StubRoutines::call_stub

---------------  P R O C E S S  ---------------

Threads class SMR info:
_java_thread_list=0x000001ac3ed52020, length=14, elements={
0x000001ac1ecea000, 0x000001ac1ef48000, 0x000001ac1ef4b000, 0x000001ac1efbc800,
0x000001ac1efbd000, 0x000001ac1e54a000, 0x000001ac1e54a800, 0x000001ac1e548000,
0x000001ac1eed8800, 0x000001ac1f130000, 0x000001ac1f29d800, 0x000001ac3f0f9000,
0x000001ac3d10c000, 0x000001ac3e7d7000
}

Java Threads: ( => current thread )
  0x000001ac1ecea000 JavaThread "main" [_thread_in_native, id=19788, stack(0x000000857eb70000,0x000000857ed60000)]
  0x000001ac1ef48000 JavaThread "Reference Handler" daemon [_thread_blocked, id=18808, stack(0x000000857faf0000,0x000000857fce0000)]
  0x000001ac1ef4b000 JavaThread "Finalizer" daemon [_thread_blocked, id=23376, stack(0x000000857fce0000,0x000000857fed0000)]
  0x000001ac1efbc800 JavaThread "Signal Dispatcher" daemon [_thread_blocked, id=22636, stack(0x0000008500000000,0x00000085001f0000)]
  0x000001ac1efbd000 JavaThread "Attach Listener" daemon [_thread_blocked, id=11144, stack(0x00000085001f0000,0x00000085003e0000)]
  0x000001ac1e54a000 JavaThread "C2 CompilerThread0" daemon [_thread_blocked, id=23300, stack(0x00000085003e0000,0x00000085005d0000)]
  0x000001ac1e54a800 JavaThread "C1 CompilerThread0" daemon [_thread_blocked, id=13696, stack(0x00000085005d0000,0x00000085007c0000)]
  0x000001ac1e548000 JavaThread "Sweeper thread" daemon [_thread_blocked, id=14388, stack(0x00000085007c0000,0x00000085009b0000)]
  0x000001ac1eed8800 JavaThread "Service Thread" daemon [_thread_blocked, id=16856, stack(0x00000085009b0000,0x0000008500ba0000)]
  0x000001ac1f130000 JavaThread "Common-Cleaner" daemon [_thread_blocked, id=11800, stack(0x0000008500d90000,0x0000008500f80000)]
=>0x000001ac1f29d800 JavaThread "Python Reference Queue" daemon [_thread_in_native, id=15864, stack(0x0000008500f80000,0x0000008501170000)]
  0x000001ac3f0f9000 JavaThread "Thread-1" daemon [_thread_in_native, id=21472, stack(0x000000857da00000,0x000000857dbf0000)]
  0x000001ac3d10c000 JavaThread "Thread-2" daemon [_thread_in_native, id=13808, stack(0x00000085022e0000,0x00000085024d0000)]
  0x000001ac3e7d7000 JavaThread "Thread-3" daemon [_thread_in_native, id=3568, stack(0x00000085020f0000,0x00000085022e0000)]

Other Threads:
  0x000001ac1ef47800 VMThread "VM Thread" [stack: 0x000000857f900000,0x000000857faf0000] [id=12576]
  0x000001ac1655c000 WatcherThread [stack: 0x0000008500ba0000,0x0000008500d90000] [id=4088]
  0x000001ac1ecfc800 GCTaskThread "GC Thread#0" [stack: 0x000000857ef50000,0x000000857f140000] [id=14040]
  0x000001ac3ce31000 GCTaskThread "GC Thread#1" [stack: 0x0000008501170000,0x0000008501360000] [id=8212]
  0x000001ac3ce31800 GCTaskThread "GC Thread#2" [stack: 0x0000008501360000,0x0000008501550000] [id=23604]
  0x000001ac42657800 GCTaskThread "GC Thread#3" [stack: 0x0000008501930000,0x0000008501b20000] [id=24968]
  0x000001ac1ed0c800 ConcurrentGCThread "G1 Main Marker" [stack: 0x000000857f140000,0x000000857f330000] [id=2536]
  0x000001ac1ed0e000 ConcurrentGCThread "G1 Conc#0" [stack: 0x000000857f330000,0x000000857f520000] [id=16296]
  0x000001ac1ed8e000 ConcurrentGCThread "G1 Refine#0" [stack: 0x000000857f520000,0x000000857f710000] [id=1476]
  0x000001ac3eb83800 ConcurrentGCThread "G1 Refine#1" [stack: 0x0000008501740000,0x0000008501930000] [id=23416]
  0x000001ac1ed90800 ConcurrentGCThread "G1 Young RemSet Sampling" [stack: 0x000000857f710000,0x000000857f900000] [id=17808]

Threads with active compile tasks:

VM state:not at safepoint (normal execution)

VM Mutex/Monitor currently owned by a thread: None

Heap address: 0x00000000c0000000, size: 1024 MB, Compressed Oops mode: 32-bit
Narrow klass base: 0x0000000000000000, Narrow klass shift: 3
Compressed class space size: 1073741824 Address: 0x0000000100000000

Heap:
 garbage-first heap   total 208896K, used 138420K [0x00000000c0000000, 0x0000000100000000)
  region size 1024K, 59 young (60416K), 0 survivors (0K)
 Metaspace       used 16862K, capacity 17311K, committed 17536K, reserved 1064960K
  class space    used 2184K, capacity 2377K, committed 2432K, reserved 1048576K
Heap Regions: E=young(eden), S=young(survivor), O=old, HS=humongous(starts), HC=humongous(continues), CS=collection set, F=free, A=archive, TAMS=top-at-mark-start (previous, next)
|   0|0x00000000c0000000, 0x00000000c0100000, 0x00000000c0100000|100%| O|  |TAMS 0x00000000c0000000, 0x00000000c0000000| Untracked 
|   1|0x00000000c0100000, 0x00000000c01ffff8, 0x00000000c0200000| 99%| O|  |TAMS 0x00000000c0100000, 0x00000000c0100000| Untracked 
|   2|0x00000000c0200000, 0x00000000c0300000, 0x00000000c0300000|100%| O|  |TAMS 0x00000000c0200000, 0x00000000c0200000| Untracked 
|   3|0x00000000c0300000, 0x00000000c03fea28, 0x00000000c0400000| 99%| O|  |TAMS 0x00000000c0300000, 0x00000000c0300000| Untracked 
|   4|0x00000000c0400000, 0x00000000c0500000, 0x00000000c0500000|100%| O|  |TAMS 0x00000000c0400000, 0x00000000c0400000| Untracked 
|   5|0x00000000c0500000, 0x00000000c0600000, 0x00000000c0600000|100%| O|  |TAMS 0x00000000c0500000, 0x00000000c0500000| Untracked 
|   6|0x00000000c0600000, 0x00000000c06ffff0, 0x00000000c0700000| 99%| O|  |TAMS 0x00000000c0600000, 0x00000000c0600000| Untracked 
|   7|0x00000000c0700000, 0x00000000c07ffff0, 0x00000000c0800000| 99%| O|  |TAMS 0x00000000c0700000, 0x00000000c0700000| Untracked 
|   8|0x00000000c0800000, 0x00000000c08ffff8, 0x00000000c0900000| 99%| O|  |TAMS 0x00000000c0800000, 0x00000000c0800000| Untracked 
|   9|0x00000000c0900000, 0x00000000c09ffff0, 0x00000000c0a00000| 99%| O|  |TAMS 0x00000000c0900000, 0x00000000c0900000| Untracked 
|  10|0x00000000c0a00000, 0x00000000c0affff8, 0x00000000c0b00000| 99%| O|  |TAMS 0x00000000c0a00000, 0x00000000c0a00000| Untracked 
|  11|0x00000000c0b00000, 0x00000000c0c00000, 0x00000000c0c00000|100%|HS|  |TAMS 0x00000000c0b00000, 0x00000000c0b00000| Untracked 
|  12|0x00000000c0c00000, 0x00000000c0d00000, 0x00000000c0d00000|100%|HC|  |TAMS 0x00000000c0c00000, 0x00000000c0c00000| Untracked 
|  13|0x00000000c0d00000, 0x00000000c0e00000, 0x00000000c0e00000|100%|HS|  |TAMS 0x00000000c0d00000, 0x00000000c0d00000| Untracked 
|  14|0x00000000c0e00000, 0x00000000c0f00000, 0x00000000c0f00000|100%|HC|  |TAMS 0x00000000c0e00000, 0x00000000c0e00000| Untracked 
|  15|0x00000000c0f00000, 0x00000000c0fffff0, 0x00000000c1000000| 99%| O|  |TAMS 0x00000000c0f00000, 0x00000000c0f00000| Untracked 
|  16|0x00000000c1000000, 0x00000000c1100000, 0x00000000c1100000|100%| O|  |TAMS 0x00000000c1000000, 0x00000000c1000000| Untracked 
|  17|0x00000000c1100000, 0x00000000c1200000, 0x00000000c1200000|100%| O|  |TAMS 0x00000000c1100000, 0x00000000c1100000| Untracked 
|  18|0x00000000c1200000, 0x00000000c12ffff8, 0x00000000c1300000| 99%| O|  |TAMS 0x00000000c1200000, 0x00000000c1200000| Untracked 
|  19|0x00000000c1300000, 0x00000000c13ffff8, 0x00000000c1400000| 99%| O|  |TAMS 0x00000000c1300000, 0x00000000c1300000| Untracked 
|  20|0x00000000c1400000, 0x00000000c14ffff8, 0x00000000c1500000| 99%| O|  |TAMS 0x00000000c1400000, 0x00000000c1400000| Untracked 
|  21|0x00000000c1500000, 0x00000000c15ffff0, 0x00000000c1600000| 99%| O|  |TAMS 0x00000000c1500000, 0x00000000c1500000| Untracked 
|  22|0x00000000c1600000, 0x00000000c1700000, 0x00000000c1700000|100%|HS|  |TAMS 0x00000000c1600000, 0x00000000c1600000| Untracked 
|  23|0x00000000c1700000, 0x00000000c1800000, 0x00000000c1800000|100%|HS|  |TAMS 0x00000000c1700000, 0x00000000c1700000| Untracked 
|  24|0x00000000c1800000, 0x00000000c1900000, 0x00000000c1900000|100%|HS|  |TAMS 0x00000000c1800000, 0x00000000c1800000| Untracked 
|  25|0x00000000c1900000, 0x00000000c19ffff0, 0x00000000c1a00000| 99%| O|  |TAMS 0x00000000c1900000, 0x00000000c1900000| Untracked 
|  26|0x00000000c1a00000, 0x00000000c1b00000, 0x00000000c1b00000|100%| O|  |TAMS 0x00000000c1a00000, 0x00000000c1a00000| Untracked 
|  27|0x00000000c1b00000, 0x00000000c1bffff0, 0x00000000c1c00000| 99%| O|  |TAMS 0x00000000c1b00000, 0x00000000c1b00000| Untracked 
|  28|0x00000000c1c00000, 0x00000000c1cffff0, 0x00000000c1d00000| 99%| O|  |TAMS 0x00000000c1c00000, 0x00000000c1c00000| Untracked 
|  29|0x00000000c1d00000, 0x00000000c1dffff0, 0x00000000c1e00000| 99%| O|  |TAMS 0x00000000c1d00000, 0x00000000c1d00000| Untracked 
|  30|0x00000000c1e00000, 0x00000000c1effff8, 0x00000000c1f00000| 99%| O|  |TAMS 0x00000000c1e00000, 0x00000000c1e00000| Untracked 
|  31|0x00000000c1f00000, 0x00000000c2000000, 0x00000000c2000000|100%|HS|  |TAMS 0x00000000c1f00000, 0x00000000c1f00000| Untracked 
|  32|0x00000000c2000000, 0x00000000c2100000, 0x00000000c2100000|100%|HC|  |TAMS 0x00000000c2000000, 0x00000000c2000000| Untracked 
|  33|0x00000000c2100000, 0x00000000c2200000, 0x00000000c2200000|100%|HS|  |TAMS 0x00000000c2100000, 0x00000000c2100000| Untracked 
|  34|0x00000000c2200000, 0x00000000c2300000, 0x00000000c2300000|100%|HC|  |TAMS 0x00000000c2200000, 0x00000000c2200000| Untracked 
|  35|0x00000000c2300000, 0x00000000c23ffff0, 0x00000000c2400000| 99%| O|  |TAMS 0x00000000c2300000, 0x00000000c2300000| Untracked 
|  36|0x00000000c2400000, 0x00000000c24ffff0, 0x00000000c2500000| 99%| O|  |TAMS 0x00000000c2400000, 0x00000000c2400000| Untracked 
|  37|0x00000000c2500000, 0x00000000c25ffff8, 0x00000000c2600000| 99%| O|  |TAMS 0x00000000c2500000, 0x00000000c2500000| Untracked 
|  38|0x00000000c2600000, 0x00000000c26ffff8, 0x00000000c2700000| 99%| O|  |TAMS 0x00000000c2600000, 0x00000000c2600000| Untracked 
|  39|0x00000000c2700000, 0x00000000c2800000, 0x00000000c2800000|100%| O|  |TAMS 0x00000000c2700000, 0x00000000c2700000| Untracked 
|  40|0x00000000c2800000, 0x00000000c2900000, 0x00000000c2900000|100%| O|  |TAMS 0x00000000c2800000, 0x00000000c2800000| Untracked 
|  41|0x00000000c2900000, 0x00000000c2a00000, 0x00000000c2a00000|100%|HS|  |TAMS 0x00000000c2900000, 0x00000000c2900000| Untracked 
|  42|0x00000000c2a00000, 0x00000000c2b00000, 0x00000000c2b00000|100%|HC|  |TAMS 0x00000000c2a00000, 0x00000000c2a00000| Untracked 
|  43|0x00000000c2b00000, 0x00000000c2c00000, 0x00000000c2c00000|100%|HS|  |TAMS 0x00000000c2b00000, 0x00000000c2b00000| Untracked 
|  44|0x00000000c2c00000, 0x00000000c2d00000, 0x00000000c2d00000|100%|HC|  |TAMS 0x00000000c2c00000, 0x00000000c2c00000| Untracked 
|  45|0x00000000c2d00000, 0x00000000c2e00000, 0x00000000c2e00000|100%| O|  |TAMS 0x00000000c2d00000, 0x00000000c2d00000| Untracked 
|  46|0x00000000c2e00000, 0x00000000c2effff8, 0x00000000c2f00000| 99%| O|  |TAMS 0x00000000c2e00000, 0x00000000c2e00000| Untracked 
|  47|0x00000000c2f00000, 0x00000000c2fffff8, 0x00000000c3000000| 99%| O|  |TAMS 0x00000000c2f00000, 0x00000000c2f00000| Untracked 
|  48|0x00000000c3000000, 0x00000000c3100000, 0x00000000c3100000|100%| O|  |TAMS 0x00000000c3000000, 0x00000000c3000000| Untracked 
|  49|0x00000000c3100000, 0x00000000c31ffff8, 0x00000000c3200000| 99%| O|  |TAMS 0x00000000c3100000, 0x00000000c3100000| Untracked 
|  50|0x00000000c3200000, 0x00000000c3300000, 0x00000000c3300000|100%| O|  |TAMS 0x00000000c3200000, 0x00000000c3200000| Untracked 
|  51|0x00000000c3300000, 0x00000000c3400000, 0x00000000c3400000|100%| O|  |TAMS 0x00000000c3300000, 0x00000000c3300000| Untracked 
|  52|0x00000000c3400000, 0x00000000c3500000, 0x00000000c3500000|100%| O|  |TAMS 0x00000000c3400000, 0x00000000c3400000| Untracked 
|  53|0x00000000c3500000, 0x00000000c35ffff8, 0x00000000c3600000| 99%| O|  |TAMS 0x00000000c3500000, 0x00000000c3500000| Untracked 
|  54|0x00000000c3600000, 0x00000000c36ffff8, 0x00000000c3700000| 99%| O|  |TAMS 0x00000000c3600000, 0x00000000c3600000| Untracked 
|  55|0x00000000c3700000, 0x00000000c37ffff0, 0x00000000c3800000| 99%| O|  |TAMS 0x00000000c3700000, 0x00000000c3700000| Untracked 
|  56|0x00000000c3800000, 0x00000000c38ffff0, 0x00000000c3900000| 99%| O|  |TAMS 0x00000000c3800000, 0x00000000c3800000| Untracked 
|  57|0x00000000c3900000, 0x00000000c39fffe8, 0x00000000c3a00000| 99%| O|  |TAMS 0x00000000c3900000, 0x00000000c3900000| Untracked 
|  58|0x00000000c3a00000, 0x00000000c3affff0, 0x00000000c3b00000| 99%| O|  |TAMS 0x00000000c3a00000, 0x00000000c3a00000| Untracked 
|  59|0x00000000c3b00000, 0x00000000c3c00000, 0x00000000c3c00000|100%| O|  |TAMS 0x00000000c3b00000, 0x00000000c3b00000| Untracked 
|  60|0x00000000c3c00000, 0x00000000c3d00000, 0x00000000c3d00000|100%| O|  |TAMS 0x00000000c3c00000, 0x00000000c3c00000| Untracked 
|  61|0x00000000c3d00000, 0x00000000c3e00000, 0x00000000c3e00000|100%| O|  |TAMS 0x00000000c3d00000, 0x00000000c3d00000| Untracked 
|  62|0x00000000c3e00000, 0x00000000c3f00000, 0x00000000c3f00000|100%| O|  |TAMS 0x00000000c3e00000, 0x00000000c3e00000| Untracked 
|  63|0x00000000c3f00000, 0x00000000c3fffff8, 0x00000000c4000000| 99%| O|  |TAMS 0x00000000c3f00000, 0x00000000c3f00000| Untracked 
|  64|0x00000000c4000000, 0x00000000c40ffff8, 0x00000000c4100000| 99%| O|  |TAMS 0x00000000c4000000, 0x00000000c4000000| Untracked 
|  65|0x00000000c4100000, 0x00000000c41ffff8, 0x00000000c4200000| 99%| O|  |TAMS 0x00000000c4100000, 0x00000000c4100000| Untracked 
|  66|0x00000000c4200000, 0x00000000c4300000, 0x00000000c4300000|100%| O|  |TAMS 0x00000000c4200000, 0x00000000c4200000| Untracked 
|  67|0x00000000c4300000, 0x00000000c4400000, 0x00000000c4400000|100%| O|  |TAMS 0x00000000c4300000, 0x00000000c4300000| Untracked 
|  68|0x00000000c4400000, 0x00000000c44ffff8, 0x00000000c4500000| 99%| O|  |TAMS 0x00000000c4400000, 0x00000000c4400000| Untracked 
|  69|0x00000000c4500000, 0x00000000c45ffff8, 0x00000000c4600000| 99%| O|  |TAMS 0x00000000c4500000, 0x00000000c4500000| Untracked 
|  70|0x00000000c4600000, 0x00000000c46d2da8, 0x00000000c4700000| 82%| O|  |TAMS 0x00000000c4600000, 0x00000000c4600000| Untracked 
|  71|0x00000000c4700000, 0x00000000c4700000, 0x00000000c4800000|  0%| F|  |TAMS 0x00000000c4700000, 0x00000000c4700000| Untracked 
|  72|0x00000000c4800000, 0x00000000c4800000, 0x00000000c4900000|  0%| F|  |TAMS 0x00000000c4800000, 0x00000000c4800000| Untracked 
|  73|0x00000000c4900000, 0x00000000c4900000, 0x00000000c4a00000|  0%| F|  |TAMS 0x00000000c4900000, 0x00000000c4900000| Untracked 
|  74|0x00000000c4a00000, 0x00000000c4a00000, 0x00000000c4b00000|  0%| F|  |TAMS 0x00000000c4a00000, 0x00000000c4a00000| Untracked 
|  75|0x00000000c4b00000, 0x00000000c4b00000, 0x00000000c4c00000|  0%| F|  |TAMS 0x00000000c4b00000, 0x00000000c4b00000| Untracked 
|  76|0x00000000c4c00000, 0x00000000c4c00000, 0x00000000c4d00000|  0%| F|  |TAMS 0x00000000c4c00000, 0x00000000c4c00000| Untracked 
|  77|0x00000000c4d00000, 0x00000000c4d00000, 0x00000000c4e00000|  0%| F|  |TAMS 0x00000000c4d00000, 0x00000000c4d00000| Untracked 
|  78|0x00000000c4e00000, 0x00000000c4e00000, 0x00000000c4f00000|  0%| F|  |TAMS 0x00000000c4e00000, 0x00000000c4e00000| Untracked 
|  79|0x00000000c4f00000, 0x00000000c4f00000, 0x00000000c5000000|  0%| F|  |TAMS 0x00000000c4f00000, 0x00000000c4f00000| Untracked 
|  80|0x00000000c5000000, 0x00000000c5000000, 0x00000000c5100000|  0%| F|  |TAMS 0x00000000c5000000, 0x00000000c5000000| Untracked 
|  81|0x00000000c5100000, 0x00000000c5100000, 0x00000000c5200000|  0%| F|  |TAMS 0x00000000c5100000, 0x00000000c5100000| Untracked 
|  82|0x00000000c5200000, 0x00000000c5200000, 0x00000000c5300000|  0%| F|  |TAMS 0x00000000c5200000, 0x00000000c5200000| Untracked 
|  83|0x00000000c5300000, 0x00000000c5300000, 0x00000000c5400000|  0%| F|  |TAMS 0x00000000c5300000, 0x00000000c5300000| Untracked 
|  84|0x00000000c5400000, 0x00000000c5400000, 0x00000000c5500000|  0%| F|  |TAMS 0x00000000c5400000, 0x00000000c5400000| Untracked 
|  85|0x00000000c5500000, 0x00000000c5500000, 0x00000000c5600000|  0%| F|  |TAMS 0x00000000c5500000, 0x00000000c5500000| Untracked 
|  86|0x00000000c5600000, 0x00000000c5600000, 0x00000000c5700000|  0%| F|  |TAMS 0x00000000c5600000, 0x00000000c5600000| Untracked 
|  87|0x00000000c5700000, 0x00000000c5700000, 0x00000000c5800000|  0%| F|  |TAMS 0x00000000c5700000, 0x00000000c5700000| Untracked 
|  88|0x00000000c5800000, 0x00000000c5800000, 0x00000000c5900000|  0%| F|  |TAMS 0x00000000c5800000, 0x00000000c5800000| Untracked 
|  89|0x00000000c5900000, 0x00000000c5900000, 0x00000000c5a00000|  0%| F|  |TAMS 0x00000000c5900000, 0x00000000c5900000| Untracked 
|  90|0x00000000c5a00000, 0x00000000c5a00000, 0x00000000c5b00000|  0%| F|  |TAMS 0x00000000c5a00000, 0x00000000c5a00000| Untracked 
|  91|0x00000000c5b00000, 0x00000000c5b00000, 0x00000000c5c00000|  0%| F|  |TAMS 0x00000000c5b00000, 0x00000000c5b00000| Untracked 
|  92|0x00000000c5c00000, 0x00000000c5c00000, 0x00000000c5d00000|  0%| F|  |TAMS 0x00000000c5c00000, 0x00000000c5c00000| Untracked 
|  93|0x00000000c5d00000, 0x00000000c5d00000, 0x00000000c5e00000|  0%| F|  |TAMS 0x00000000c5d00000, 0x00000000c5d00000| Untracked 
|  94|0x00000000c5e00000, 0x00000000c5e00000, 0x00000000c5f00000|  0%| F|  |TAMS 0x00000000c5e00000, 0x00000000c5e00000| Untracked 
|  95|0x00000000c5f00000, 0x00000000c5f00000, 0x00000000c6000000|  0%| F|  |TAMS 0x00000000c5f00000, 0x00000000c5f00000| Untracked 
|  96|0x00000000c6000000, 0x00000000c6000000, 0x00000000c6100000|  0%| F|  |TAMS 0x00000000c6000000, 0x00000000c6000000| Untracked 
|  97|0x00000000c6100000, 0x00000000c6100000, 0x00000000c6200000|  0%| F|  |TAMS 0x00000000c6100000, 0x00000000c6100000| Untracked 
|  98|0x00000000c6200000, 0x00000000c6200000, 0x00000000c6300000|  0%| F|  |TAMS 0x00000000c6200000, 0x00000000c6200000| Untracked 
|  99|0x00000000c6300000, 0x00000000c6300000, 0x00000000c6400000|  0%| F|  |TAMS 0x00000000c6300000, 0x00000000c6300000| Untracked 
| 100|0x00000000c6400000, 0x00000000c6400000, 0x00000000c6500000|  0%| F|  |TAMS 0x00000000c6400000, 0x00000000c6400000| Untracked 
| 101|0x00000000c6500000, 0x00000000c6500000, 0x00000000c6600000|  0%| F|  |TAMS 0x00000000c6500000, 0x00000000c6500000| Untracked 
| 102|0x00000000c6600000, 0x00000000c6600000, 0x00000000c6700000|  0%| F|  |TAMS 0x00000000c6600000, 0x00000000c6600000| Untracked 
| 103|0x00000000c6700000, 0x00000000c6700000, 0x00000000c6800000|  0%| F|  |TAMS 0x00000000c6700000, 0x00000000c6700000| Untracked 
| 104|0x00000000c6800000, 0x00000000c6800000, 0x00000000c6900000|  0%| F|  |TAMS 0x00000000c6800000, 0x00000000c6800000| Untracked 
| 105|0x00000000c6900000, 0x00000000c6900000, 0x00000000c6a00000|  0%| F|  |TAMS 0x00000000c6900000, 0x00000000c6900000| Untracked 
| 106|0x00000000c6a00000, 0x00000000c6a00000, 0x00000000c6b00000|  0%| F|  |TAMS 0x00000000c6a00000, 0x00000000c6a00000| Untracked 
| 107|0x00000000c6b00000, 0x00000000c6b00000, 0x00000000c6c00000|  0%| F|  |TAMS 0x00000000c6b00000, 0x00000000c6b00000| Untracked 
| 108|0x00000000c6c00000, 0x00000000c6d00000, 0x00000000c6d00000|100%| O|  |TAMS 0x00000000c6c00000, 0x00000000c6c00000| Untracked 
| 109|0x00000000c6d00000, 0x00000000c6e00000, 0x00000000c6e00000|100%| O|  |TAMS 0x00000000c6d00000, 0x00000000c6d00000| Untracked 
| 110|0x00000000c6e00000, 0x00000000c6effff0, 0x00000000c6f00000| 99%| O|  |TAMS 0x00000000c6e00000, 0x00000000c6e00000| Untracked 
| 111|0x00000000c6f00000, 0x00000000c6feca40, 0x00000000c7000000| 92%| O|  |TAMS 0x00000000c6f00000, 0x00000000c6f00000| Untracked 
| 112|0x00000000c7000000, 0x00000000c7000000, 0x00000000c7100000|  0%| F|  |TAMS 0x00000000c7000000, 0x00000000c7000000| Untracked 
| 113|0x00000000c7100000, 0x00000000c71fffe8, 0x00000000c7200000| 99%| O|  |TAMS 0x00000000c7100000, 0x00000000c7100000| Untracked 
| 114|0x00000000c7200000, 0x00000000c72ffff0, 0x00000000c7300000| 99%| O|  |TAMS 0x00000000c7200000, 0x00000000c7200000| Untracked 
| 115|0x00000000c7300000, 0x00000000c7353270, 0x00000000c7400000| 32%| O|  |TAMS 0x00000000c7300000, 0x00000000c7300000| Untracked 
| 116|0x00000000c7400000, 0x00000000c7400000, 0x00000000c7500000|  0%| F|  |TAMS 0x00000000c7400000, 0x00000000c7400000| Untracked 
| 117|0x00000000c7500000, 0x00000000c7500000, 0x00000000c7600000|  0%| F|  |TAMS 0x00000000c7500000, 0x00000000c7500000| Untracked 
| 118|0x00000000c7600000, 0x00000000c7600000, 0x00000000c7700000|  0%| F|  |TAMS 0x00000000c7600000, 0x00000000c7600000| Untracked 
| 119|0x00000000c7700000, 0x00000000c7700000, 0x00000000c7800000|  0%| F|  |TAMS 0x00000000c7700000, 0x00000000c7700000| Untracked 
| 120|0x00000000c7800000, 0x00000000c7800000, 0x00000000c7900000|  0%| F|  |TAMS 0x00000000c7800000, 0x00000000c7800000| Untracked 
| 121|0x00000000c7900000, 0x00000000c7900000, 0x00000000c7a00000|  0%| F|  |TAMS 0x00000000c7900000, 0x00000000c7900000| Untracked 
| 122|0x00000000c7a00000, 0x00000000c7a00000, 0x00000000c7b00000|  0%| F|  |TAMS 0x00000000c7a00000, 0x00000000c7a00000| Untracked 
| 123|0x00000000c7b00000, 0x00000000c7b00000, 0x00000000c7c00000|  0%| F|  |TAMS 0x00000000c7b00000, 0x00000000c7b00000| Untracked 
| 124|0x00000000c7c00000, 0x00000000c7c00000, 0x00000000c7d00000|  0%| F|  |TAMS 0x00000000c7c00000, 0x00000000c7c00000| Untracked 
| 125|0x00000000c7d00000, 0x00000000c7d00000, 0x00000000c7e00000|  0%| F|  |TAMS 0x00000000c7d00000, 0x00000000c7d00000| Untracked 
| 126|0x00000000c7e00000, 0x00000000c7e00000, 0x00000000c7f00000|  0%| F|  |TAMS 0x00000000c7e00000, 0x00000000c7e00000| Untracked 
| 127|0x00000000c7f00000, 0x00000000c7f00000, 0x00000000c8000000|  0%| F|  |TAMS 0x00000000c7f00000, 0x00000000c7f00000| Untracked 
| 128|0x00000000c8000000, 0x00000000c8000000, 0x00000000c8100000|  0%| F|  |TAMS 0x00000000c8000000, 0x00000000c8000000| Untracked 
| 129|0x00000000c8100000, 0x00000000c8100000, 0x00000000c8200000|  0%| F|  |TAMS 0x00000000c8100000, 0x00000000c8100000| Untracked 
| 130|0x00000000c8200000, 0x00000000c8200000, 0x00000000c8300000|  0%| F|  |TAMS 0x00000000c8200000, 0x00000000c8200000| Untracked 
| 131|0x00000000c8300000, 0x00000000c8300000, 0x00000000c8400000|  0%| F|  |TAMS 0x00000000c8300000, 0x00000000c8300000| Untracked 
| 132|0x00000000c8400000, 0x00000000c8400000, 0x00000000c8500000|  0%| F|  |TAMS 0x00000000c8400000, 0x00000000c8400000| Untracked 
| 133|0x00000000c8500000, 0x00000000c8500000, 0x00000000c8600000|  0%| F|  |TAMS 0x00000000c8500000, 0x00000000c8500000| Untracked 
| 134|0x00000000c8600000, 0x00000000c8600000, 0x00000000c8700000|  0%| F|  |TAMS 0x00000000c8600000, 0x00000000c8600000| Untracked 
| 135|0x00000000c8700000, 0x00000000c8700000, 0x00000000c8800000|  0%| F|  |TAMS 0x00000000c8700000, 0x00000000c8700000| Untracked 
| 136|0x00000000c8800000, 0x00000000c8800000, 0x00000000c8900000|  0%| F|  |TAMS 0x00000000c8800000, 0x00000000c8800000| Untracked 
| 137|0x00000000c8900000, 0x00000000c891be28, 0x00000000c8a00000| 10%| O|  |TAMS 0x00000000c8900000, 0x00000000c8900000| Untracked 
| 138|0x00000000c8a00000, 0x00000000c8a00000, 0x00000000c8b00000|  0%| F|  |TAMS 0x00000000c8a00000, 0x00000000c8a00000| Untracked 
| 139|0x00000000c8b00000, 0x00000000c8b00000, 0x00000000c8c00000|  0%| F|  |TAMS 0x00000000c8b00000, 0x00000000c8b00000| Untracked 
| 140|0x00000000c8c00000, 0x00000000c8c00000, 0x00000000c8d00000|  0%| F|  |TAMS 0x00000000c8c00000, 0x00000000c8c00000| Untracked 
| 141|0x00000000c8d00000, 0x00000000c8d00000, 0x00000000c8e00000|  0%| F|  |TAMS 0x00000000c8d00000, 0x00000000c8d00000| Untracked 
| 142|0x00000000c8e00000, 0x00000000c8e00000, 0x00000000c8f00000|  0%| F|  |TAMS 0x00000000c8e00000, 0x00000000c8e00000| Untracked 
| 143|0x00000000c8f00000, 0x00000000c8f00000, 0x00000000c9000000|  0%| F|  |TAMS 0x00000000c8f00000, 0x00000000c8f00000| Untracked 
| 144|0x00000000c9000000, 0x00000000c9000000, 0x00000000c9100000|  0%| F|  |TAMS 0x00000000c9000000, 0x00000000c9000000| Untracked 
| 145|0x00000000c9100000, 0x00000000c9200000, 0x00000000c9200000|100%| E|  |TAMS 0x00000000c9100000, 0x00000000c9100000| Complete 
| 146|0x00000000c9200000, 0x00000000c9300000, 0x00000000c9300000|100%| E|CS|TAMS 0x00000000c9200000, 0x00000000c9200000| Complete 
| 147|0x00000000c9300000, 0x00000000c9400000, 0x00000000c9400000|100%| E|CS|TAMS 0x00000000c9300000, 0x00000000c9300000| Complete 
| 148|0x00000000c9400000, 0x00000000c9500000, 0x00000000c9500000|100%| E|CS|TAMS 0x00000000c9400000, 0x00000000c9400000| Complete 
| 149|0x00000000c9500000, 0x00000000c9600000, 0x00000000c9600000|100%| E|CS|TAMS 0x00000000c9500000, 0x00000000c9500000| Complete 
| 150|0x00000000c9600000, 0x00000000c9700000, 0x00000000c9700000|100%| E|CS|TAMS 0x00000000c9600000, 0x00000000c9600000| Complete 
| 151|0x00000000c9700000, 0x00000000c9800000, 0x00000000c9800000|100%| E|CS|TAMS 0x00000000c9700000, 0x00000000c9700000| Complete 
| 152|0x00000000c9800000, 0x00000000c9900000, 0x00000000c9900000|100%| E|CS|TAMS 0x00000000c9800000, 0x00000000c9800000| Complete 
| 153|0x00000000c9900000, 0x00000000c9a00000, 0x00000000c9a00000|100%| E|CS|TAMS 0x00000000c9900000, 0x00000000c9900000| Complete 
| 154|0x00000000c9a00000, 0x00000000c9b00000, 0x00000000c9b00000|100%| E|CS|TAMS 0x00000000c9a00000, 0x00000000c9a00000| Complete 
| 155|0x00000000c9b00000, 0x00000000c9c00000, 0x00000000c9c00000|100%| E|CS|TAMS 0x00000000c9b00000, 0x00000000c9b00000| Complete 
| 156|0x00000000c9c00000, 0x00000000c9d00000, 0x00000000c9d00000|100%| E|CS|TAMS 0x00000000c9c00000, 0x00000000c9c00000| Complete 
| 157|0x00000000c9d00000, 0x00000000c9e00000, 0x00000000c9e00000|100%| E|CS|TAMS 0x00000000c9d00000, 0x00000000c9d00000| Complete 
| 158|0x00000000c9e00000, 0x00000000c9f00000, 0x00000000c9f00000|100%| E|CS|TAMS 0x00000000c9e00000, 0x00000000c9e00000| Complete 
| 159|0x00000000c9f00000, 0x00000000ca000000, 0x00000000ca000000|100%| E|CS|TAMS 0x00000000c9f00000, 0x00000000c9f00000| Complete 
| 160|0x00000000ca000000, 0x00000000ca100000, 0x00000000ca100000|100%| E|CS|TAMS 0x00000000ca000000, 0x00000000ca000000| Complete 
| 161|0x00000000ca100000, 0x00000000ca200000, 0x00000000ca200000|100%| E|CS|TAMS 0x00000000ca100000, 0x00000000ca100000| Complete 
| 162|0x00000000ca200000, 0x00000000ca300000, 0x00000000ca300000|100%| E|CS|TAMS 0x00000000ca200000, 0x00000000ca200000| Complete 
| 163|0x00000000ca300000, 0x00000000ca400000, 0x00000000ca400000|100%| E|CS|TAMS 0x00000000ca300000, 0x00000000ca300000| Complete 
| 164|0x00000000ca400000, 0x00000000ca500000, 0x00000000ca500000|100%| E|CS|TAMS 0x00000000ca400000, 0x00000000ca400000| Complete 
| 165|0x00000000ca500000, 0x00000000ca600000, 0x00000000ca600000|100%| E|CS|TAMS 0x00000000ca500000, 0x00000000ca500000| Complete 
| 166|0x00000000ca600000, 0x00000000ca700000, 0x00000000ca700000|100%| E|CS|TAMS 0x00000000ca600000, 0x00000000ca600000| Complete 
| 167|0x00000000ca700000, 0x00000000ca800000, 0x00000000ca800000|100%| E|CS|TAMS 0x00000000ca700000, 0x00000000ca700000| Complete 
| 168|0x00000000ca800000, 0x00000000ca900000, 0x00000000ca900000|100%| E|CS|TAMS 0x00000000ca800000, 0x00000000ca800000| Complete 
| 169|0x00000000ca900000, 0x00000000caa00000, 0x00000000caa00000|100%| E|CS|TAMS 0x00000000ca900000, 0x00000000ca900000| Complete 
| 170|0x00000000caa00000, 0x00000000cab00000, 0x00000000cab00000|100%| E|CS|TAMS 0x00000000caa00000, 0x00000000caa00000| Complete 
| 171|0x00000000cab00000, 0x00000000cac00000, 0x00000000cac00000|100%| E|CS|TAMS 0x00000000cab00000, 0x00000000cab00000| Complete 
| 172|0x00000000cac00000, 0x00000000cad00000, 0x00000000cad00000|100%| E|CS|TAMS 0x00000000cac00000, 0x00000000cac00000| Complete 
| 173|0x00000000cad00000, 0x00000000cae00000, 0x00000000cae00000|100%| E|CS|TAMS 0x00000000cad00000, 0x00000000cad00000| Complete 
| 174|0x00000000cae00000, 0x00000000caf00000, 0x00000000caf00000|100%| E|CS|TAMS 0x00000000cae00000, 0x00000000cae00000| Complete 
| 175|0x00000000caf00000, 0x00000000cb000000, 0x00000000cb000000|100%| E|CS|TAMS 0x00000000caf00000, 0x00000000caf00000| Complete 
| 176|0x00000000cb000000, 0x00000000cb100000, 0x00000000cb100000|100%| E|CS|TAMS 0x00000000cb000000, 0x00000000cb000000| Complete 
| 177|0x00000000cb100000, 0x00000000cb200000, 0x00000000cb200000|100%| E|CS|TAMS 0x00000000cb100000, 0x00000000cb100000| Complete 
| 178|0x00000000cb200000, 0x00000000cb300000, 0x00000000cb300000|100%| E|CS|TAMS 0x00000000cb200000, 0x00000000cb200000| Complete 
| 179|0x00000000cb300000, 0x00000000cb400000, 0x00000000cb400000|100%| E|CS|TAMS 0x00000000cb300000, 0x00000000cb300000| Complete 
| 180|0x00000000cb400000, 0x00000000cb500000, 0x00000000cb500000|100%| E|CS|TAMS 0x00000000cb400000, 0x00000000cb400000| Complete 
| 181|0x00000000cb500000, 0x00000000cb600000, 0x00000000cb600000|100%| E|CS|TAMS 0x00000000cb500000, 0x00000000cb500000| Complete 
| 182|0x00000000cb600000, 0x00000000cb700000, 0x00000000cb700000|100%| E|CS|TAMS 0x00000000cb600000, 0x00000000cb600000| Complete 
| 183|0x00000000cb700000, 0x00000000cb800000, 0x00000000cb800000|100%| E|CS|TAMS 0x00000000cb700000, 0x00000000cb700000| Complete 
| 184|0x00000000cb800000, 0x00000000cb900000, 0x00000000cb900000|100%| E|CS|TAMS 0x00000000cb800000, 0x00000000cb800000| Complete 
| 185|0x00000000cb900000, 0x00000000cba00000, 0x00000000cba00000|100%| E|CS|TAMS 0x00000000cb900000, 0x00000000cb900000| Complete 
| 186|0x00000000cba00000, 0x00000000cbb00000, 0x00000000cbb00000|100%| E|CS|TAMS 0x00000000cba00000, 0x00000000cba00000| Complete 
| 187|0x00000000cbb00000, 0x00000000cbc00000, 0x00000000cbc00000|100%| E|CS|TAMS 0x00000000cbb00000, 0x00000000cbb00000| Complete 
| 188|0x00000000cbc00000, 0x00000000cbd00000, 0x00000000cbd00000|100%| E|CS|TAMS 0x00000000cbc00000, 0x00000000cbc00000| Complete 
| 189|0x00000000cbd00000, 0x00000000cbe00000, 0x00000000cbe00000|100%| E|CS|TAMS 0x00000000cbd00000, 0x00000000cbd00000| Complete 
| 190|0x00000000cbe00000, 0x00000000cbf00000, 0x00000000cbf00000|100%| E|CS|TAMS 0x00000000cbe00000, 0x00000000cbe00000| Complete 
| 191|0x00000000cbf00000, 0x00000000cc000000, 0x00000000cc000000|100%| E|CS|TAMS 0x00000000cbf00000, 0x00000000cbf00000| Complete 
| 192|0x00000000cc000000, 0x00000000cc100000, 0x00000000cc100000|100%| E|CS|TAMS 0x00000000cc000000, 0x00000000cc000000| Complete 
| 193|0x00000000cc100000, 0x00000000cc200000, 0x00000000cc200000|100%| E|CS|TAMS 0x00000000cc100000, 0x00000000cc100000| Complete 
| 194|0x00000000cc200000, 0x00000000cc300000, 0x00000000cc300000|100%| E|CS|TAMS 0x00000000cc200000, 0x00000000cc200000| Complete 
| 195|0x00000000cc300000, 0x00000000cc400000, 0x00000000cc400000|100%| E|CS|TAMS 0x00000000cc300000, 0x00000000cc300000| Complete 
| 196|0x00000000cc400000, 0x00000000cc500000, 0x00000000cc500000|100%| E|CS|TAMS 0x00000000cc400000, 0x00000000cc400000| Complete 
| 197|0x00000000cc500000, 0x00000000cc600000, 0x00000000cc600000|100%| E|CS|TAMS 0x00000000cc500000, 0x00000000cc500000| Complete 
| 198|0x00000000cc600000, 0x00000000cc700000, 0x00000000cc700000|100%| E|CS|TAMS 0x00000000cc600000, 0x00000000cc600000| Complete 
| 199|0x00000000cc700000, 0x00000000cc800000, 0x00000000cc800000|100%| E|CS|TAMS 0x00000000cc700000, 0x00000000cc700000| Complete 
| 200|0x00000000cc800000, 0x00000000cc900000, 0x00000000cc900000|100%| E|CS|TAMS 0x00000000cc800000, 0x00000000cc800000| Complete 
| 201|0x00000000cc900000, 0x00000000cca00000, 0x00000000cca00000|100%| E|CS|TAMS 0x00000000cc900000, 0x00000000cc900000| Complete 
| 202|0x00000000cca00000, 0x00000000ccb00000, 0x00000000ccb00000|100%| E|CS|TAMS 0x00000000cca00000, 0x00000000cca00000| Complete 
| 203|0x00000000ccb00000, 0x00000000ccc00000, 0x00000000ccc00000|100%| E|CS|TAMS 0x00000000ccb00000, 0x00000000ccb00000| Complete 

Card table byte_map: [0x000001ac37d30000,0x000001ac37f30000] _byte_map_base: 0x000001ac37730000

Marking Bits (Prev, Next): (CMBitMap*) 0x000001ac1e7cb4a8, (CMBitMap*) 0x000001ac1e7cb4e0
 Prev Bits: [0x000001ac38130000, 0x000001ac39130000)
 Next Bits: [0x000001ac39130000, 0x000001ac3a130000)

Polling page: 0x000001ac202b0000

Metaspace:

Usage:
  Non-class:     14.58 MB capacity,    14.33 MB ( 98%) used,   214.30 KB (  1%) free+waste,    42.00 KB ( <1%) overhead. 
      Class:      2.32 MB capacity,     2.13 MB ( 92%) used,   171.41 KB (  7%) free+waste,    20.81 KB ( <1%) overhead. 
       Both:     16.91 MB capacity,    16.47 MB ( 97%) used,   385.71 KB (  2%) free+waste,    62.81 KB ( <1%) overhead. 

Virtual space:
  Non-class space:       16.00 MB reserved,      14.75 MB ( 92%) committed 
      Class space:        1.00 GB reserved,       2.38 MB ( <1%) committed 
             Both:        1.02 GB reserved,      17.13 MB (  2%) committed 

Chunk freelists:
   Non-Class:  5.25 KB
       Class:  2.88 KB
        Both:  8.13 KB

CodeHeap 'non-profiled nmethods': size=120064Kb used=2398Kb max_used=2398Kb free=117665Kb
 bounds [0x000001ac2ffc0000, 0x000001ac30230000, 0x000001ac37500000]
CodeHeap 'profiled nmethods': size=120000Kb used=6274Kb max_used=6274Kb free=113725Kb
 bounds [0x000001ac28a90000, 0x000001ac290c0000, 0x000001ac2ffc0000]
CodeHeap 'non-nmethods': size=5696Kb used=1099Kb max_used=1181Kb free=4596Kb
 bounds [0x000001ac28500000, 0x000001ac28770000, 0x000001ac28a90000]
 total_blobs=5174 nmethods=3409 adapters=315
 compilation: enabled
              stopped_count=0, restarted_count=0
 full_count=0

Compilation events (10 events):
Event: 27.052 Thread 0x000001ac3eb4f000 nmethod 3410 0x000001ac3020bb10 code [0x000001ac3020bd00, 0x000001ac3020c000]
Event: 27.052 Thread 0x000001ac3eb4f000 3411       4       org.openkoreantext.processor.tokenizer.ParsedChunk$$Lambda$108/0x0000000100210040::apply (8 bytes)
Event: 27.053 Thread 0x000001ac3eb4f000 nmethod 3411 0x000001ac3020c390 code [0x000001ac3020c540, 0x000001ac3020c608]
Event: 27.053 Thread 0x000001ac3eb4f000 3396       4       scala.collection.immutable.HashMap$HashMap1::get0 (35 bytes)
Event: 27.057 Thread 0x000001ac3eb4f000 nmethod 3396 0x000001ac3020c710 code [0x000001ac3020c8e0, 0x000001ac3020cb08]
Event: 27.057 Thread 0x000001ac3eb4f000 3395   !   4       java.util.regex.Pattern::matcher (44 bytes)
Event: 27.080 Thread 0x000001ac3eb4f000 nmethod 3395 0x000001ac3020cd90 code [0x000001ac3020cf80, 0x000001ac3020da18]
Event: 27.080 Thread 0x000001ac3eb4f000 3398       4       scala.Tuple2::_2$mcI$sp (8 bytes)
Event: 27.081 Thread 0x000001ac3eb4f000 nmethod 3398 0x000001ac3020dd90 code [0x000001ac3020df20, 0x000001ac3020dfd8]
Event: 27.133 Thread 0x000001ac1e54a000 nmethod 3416 0x000001ac3020e110 code [0x000001ac3020e900, 0x000001ac302138c8]

GC Heap History (10 events):
Event: 7.145 GC heap before
{Heap before GC invocations=43 (full 11):
 garbage-first heap   total 208896K, used 147667K [0x00000000c0000000, 0x0000000100000000)
  region size 1024K, 85 young (87040K), 0 survivors (0K)
 Metaspace       used 16553K, capacity 17054K, committed 17280K, reserved 1064960K
  class space    used 2148K, capacity 2334K, committed 2432K, reserved 1048576K
}
Event: 7.157 GC heap after
{Heap after GC invocations=44 (full 11):
 garbage-first heap   total 208896K, used 70803K [0x00000000c0000000, 0x0000000100000000)
  region size 1024K, 10 young (10240K), 10 survivors (10240K)
 Metaspace       used 16553K, capacity 17054K, committed 17280K, reserved 1064960K
  class space    used 2148K, capacity 2334K, committed 2432K, reserved 1048576K
}
Event: 7.204 GC heap before
{Heap before GC invocations=44 (full 11):
 garbage-first heap   total 208896K, used 84115K [0x00000000c0000000, 0x0000000100000000)
  region size 1024K, 24 young (24576K), 10 survivors (10240K)
 Metaspace       used 16553K, capacity 17054K, committed 17280K, reserved 1064960K
  class space    used 2148K, capacity 2334K, committed 2432K, reserved 1048576K
}
Event: 7.274 GC heap after
{Heap after GC invocations=45 (full 12):
 garbage-first heap   total 208896K, used 71124K [0x00000000c0000000, 0x0000000100000000)
  region size 1024K, 0 young (0K), 0 survivors (0K)
 Metaspace       used 16553K, capacity 17054K, committed 17280K, reserved 1064960K
  class space    used 2148K, capacity 2334K, committed 2432K, reserved 1048576K
}
Event: 7.416 GC heap before
{Heap before GC invocations=45 (full 12):
 garbage-first heap   total 208896K, used 150996K [0x00000000c0000000, 0x0000000100000000)
  region size 1024K, 78 young (79872K), 0 survivors (0K)
 Metaspace       used 16553K, capacity 17054K, committed 17280K, reserved 1064960K
  class space    used 2148K, capacity 2334K, committed 2432K, reserved 1048576K
}
Event: 7.428 GC heap after
{Heap after GC invocations=46 (full 12):
 garbage-first heap   total 208896K, used 80806K [0x00000000c0000000, 0x0000000100000000)
  region size 1024K, 10 young (10240K), 10 survivors (10240K)
 Metaspace       used 16553K, capacity 17054K, committed 17280K, reserved 1064960K
  class space    used 2148K, capacity 2334K, committed 2432K, reserved 1048576K
}
Event: 8.625 GC heap before
{Heap before GC invocations=46 (full 12):
 garbage-first heap   total 208896K, used 134054K [0x00000000c0000000, 0x0000000100000000)
  region size 1024K, 63 young (64512K), 10 survivors (10240K)
 Metaspace       used 16849K, capacity 17309K, committed 17536K, reserved 1064960K
  class space    used 2184K, capacity 2377K, committed 2432K, reserved 1048576K
}
Event: 8.719 GC heap after
{Heap after GC invocations=47 (full 13):
 garbage-first heap   total 208896K, used 78817K [0x00000000c0000000, 0x0000000100000000)
  region size 1024K, 0 young (0K), 0 survivors (0K)
 Metaspace       used 16849K, capacity 17309K, committed 17536K, reserved 1064960K
  class space    used 2184K, capacity 2377K, committed 2432K, reserved 1048576K
}
Event: 12.940 GC heap before
{Heap before GC invocations=47 (full 13):
 garbage-first heap   total 208896K, used 110561K [0x00000000c0000000, 0x0000000100000000)
  region size 1024K, 32 young (32768K), 0 survivors (0K)
 Metaspace       used 16860K, capacity 17311K, committed 17536K, reserved 1064960K
  class space    used 2184K, capacity 2377K, committed 2432K, reserved 1048576K
}
Event: 13.024 GC heap after
{Heap after GC invocations=48 (full 14):
 garbage-first heap   total 208896K, used 79028K [0x00000000c0000000, 0x0000000100000000)
  region size 1024K, 0 young (0K), 0 survivors (0K)
 Metaspace       used 16860K, capacity 17311K, committed 17536K, reserved 1064960K
  class space    used 2184K, capacity 2377K, committed 2432K, reserved 1048576K
}

Deoptimization events (10 events):
Event: 7.399 Thread 0x000001ac1ecea000 Uncommon trap: reason=class_check action=maybe_recompile pc=0x000001ac301b5d10 method=scala.collection.mutable.MapBuilder.$plus$eq(Lscala/Tuple2;)Lscala/collection/mutable/MapBuilder; @ 6 c2
Event: 7.399 Thread 0x000001ac1ecea000 Uncommon trap: reason=class_check action=maybe_recompile pc=0x000001ac301b6530 method=scala.collection.mutable.MapBuilder.$plus$eq(Lscala/Tuple2;)Lscala/collection/mutable/MapBuilder; @ 6 c2
Event: 7.400 Thread 0x000001ac1ecea000 Uncommon trap: reason=bimorphic_or_optimized_type_check action=maybe_recompile pc=0x000001ac301ba164 method=scala.collection.immutable.HashMap$HashTrieMap.updated0(Ljava/lang/Object;IILjava/lang/Object;Lscala/Tuple2;Lscala/collection/immutable/HashMap$Mer
Event: 7.560 Thread 0x000001ac1ecea000 Uncommon trap: reason=unstable_if action=reinterpret pc=0x000001ac3007c064 method=scala.collection.immutable.HashMap$HashTrieMap.get0(Ljava/lang/Object;II)Lscala/Option; @ 13 c2
Event: 7.621 Thread 0x000001ac1ecea000 Uncommon trap: reason=bimorphic_or_optimized_type_check action=maybe_recompile pc=0x000001ac300d7f3c method=java.util.HashMap.putVal(ILjava/lang/Object;Ljava/lang/Object;ZZ)Ljava/lang/Object; @ 203 c2
Event: 12.775 Thread 0x000001ac3d10c000 Uncommon trap: reason=class_check action=maybe_recompile pc=0x000001ac30034b40 method=java.util.regex.Pattern$Start.match(Ljava/util/regex/Matcher;ILjava/lang/CharSequence;)Z @ 44 c2
Event: 12.775 Thread 0x000001ac3d10c000 Uncommon trap: reason=class_check action=maybe_recompile pc=0x000001ac30034b40 method=java.util.regex.Pattern$Start.match(Ljava/util/regex/Matcher;ILjava/lang/CharSequence;)Z @ 44 c2
Event: 12.776 Thread 0x000001ac3d10c000 Uncommon trap: reason=class_check action=maybe_recompile pc=0x000001ac30034b40 method=java.util.regex.Pattern$Start.match(Ljava/util/regex/Matcher;ILjava/lang/CharSequence;)Z @ 44 c2
Event: 12.776 Thread 0x000001ac3d10c000 Uncommon trap: reason=class_check action=maybe_recompile pc=0x000001ac30034b40 method=java.util.regex.Pattern$Start.match(Ljava/util/regex/Matcher;ILjava/lang/CharSequence;)Z @ 44 c2
Event: 13.103 Thread 0x000001ac3d10c000 Uncommon trap: reason=unstable_if action=reinterpret pc=0x000001ac301ca054 method=scala.collection.immutable.Set$Set2.contains(Ljava/lang/Object;)Z @ 19 c2

Classes redefined (0 events):
No events

Internal exceptions (10 events):
Event: 1.705 Thread 0x000001ac1ecea000 Exception <a 'java/lang/NoSuchMethodError'{0x00000000c13aa058}: java.lang.invoke.Invokers$Holder.linkToTargetMethod(Ljava/lang/Object;ILjava/lang/Object;Ljava/lang/Object;)Ljava/lang/Object;> (0x00000000c13aa058) thrown at [t:/workspace/open/src/hotspot/s
Event: 1.745 Thread 0x000001ac1ecea000 Exception <a 'java/lang/NoSuchMethodError'{0x00000000c1259b78}: java.lang.invoke.DirectMethodHandle$Holder.invokeStaticInit(Ljava/lang/Object;Ljava/lang/Object;Ljava/lang/Object;Ljava/lang/Object;)Ljava/lang/Object;> (0x00000000c1259b78) thrown at [t:/wor
Event: 2.195 Thread 0x000001ac1ecea000 Exception <a 'java/lang/NoSuchMethodError'{0x00000000c1ee7890}: java.lang.invoke.Invokers$Holder.linkToTargetMethod(Ljava/lang/Object;ILjava/lang/Object;)Ljava/lang/Object;> (0x00000000c1ee7890) thrown at [t:/workspace/open/src/hotspot/share/interpreter/l
Event: 2.209 Thread 0x000001ac1ecea000 Exception <a 'java/lang/NoSuchMethodError'{0x00000000c1d20b20}: java.lang.invoke.DirectMethodHandle$Holder.invokeStatic(Ljava/lang/Object;IILjava/lang/Object;)Ljava/lang/Object;> (0x00000000c1d20b20) thrown at [t:/workspace/open/src/hotspot/share/interpre
Event: 4.037 Thread 0x000001ac1ecea000 Exception <a 'java/lang/NoSuchMethodError'{0x00000000c7a69cf8}: java.lang.invoke.DirectMethodHandle$Holder.invokeStatic(Ljava/lang/Object;Ljava/lang/Object;Ljava/lang/Object;Ljava/lang/Object;ILjava/lang/Object;)Ljava/lang/Object;> (0x00000000c7a69cf8) th
Event: 4.038 Thread 0x000001ac1ecea000 Exception <a 'java/lang/NoSuchMethodError'{0x00000000c7a6d7b8}: java.lang.invoke.DirectMethodHandle$Holder.invokeSpecial(Ljava/lang/Object;Ljava/lang/Object;Ljava/lang/Object;Ljava/lang/Object;Ljava/lang/Object;ILjava/lang/Object;)Ljava/lang/Object;> (0x0
Event: 4.038 Thread 0x000001ac1ecea000 Exception <a 'java/lang/NoSuchMethodError'{0x00000000c7a70b28}: java.lang.invoke.Invokers$Holder.linkToTargetMethod(Ljava/lang/Object;Ljava/lang/Object;Ljava/lang/Object;ILjava/lang/Object;Ljava/lang/Object;)Ljava/lang/Object;> (0x00000000c7a70b28) thrown
Event: 4.737 Thread 0x000001ac1ecea000 Exception <a 'java/lang/NoSuchMethodError'{0x00000000c7e6a238}: java.lang.invoke.DirectMethodHandle$Holder.invokeStaticInit(Ljava/lang/Object;Ljava/lang/Object;Ljava/lang/Object;Ljava/lang/Object;Ljava/lang/Object;)Ljava/lang/Object;> (0x00000000c7e6a238)
Event: 4.762 Thread 0x000001ac1ecea000 Exception <a 'java/lang/NoSuchMethodError'{0x00000000c7e79418}: java.lang.invoke.Invokers$Holder.invoker(Ljava/lang/Object;Ljava/lang/Object;Ljava/lang/Object;)Ljava/lang/Object;> (0x00000000c7e79418) thrown at [t:/workspace/open/src/hotspot/share/interpr
Event: 4.767 Thread 0x000001ac1ecea000 Exception <a 'java/lang/NoSuchMethodError'{0x00000000c7e897b8}: java.lang.invoke.DelegatingMethodHandle$Holder.delegate(Ljava/lang/Object;Ljava/lang/Object;ILjava/lang/Object;)V> (0x00000000c7e897b8) thrown at [t:/workspace/open/src/hotspot/share/interpre

Events (10 events):
Event: 13.103 Thread 0x000001ac3d10c000 DEOPT PACKING pc=0x000001ac301ca054 sp=0x00000085024ca230
Event: 13.103 Thread 0x000001ac3d10c000 DEOPT UNPACKING pc=0x000001ac28528f2f sp=0x00000085024ca1d0 mode 2
Event: 13.136 Executing VM operation: RevokeBias
Event: 13.136 Executing VM operation: RevokeBias done
Event: 18.355 Thread 0x000001ac1e54c800 Thread exited: 0x000001ac1e54c800
Event: 26.708 Thread 0x000001ac3e7d7000 Thread added: 0x000001ac3e7d7000
Event: 26.733 Thread 0x000001ac3eb4f000 Thread added: 0x000001ac3eb4f000
Event: 26.947 Executing VM operation: RevokeBias
Event: 26.947 Executing VM operation: RevokeBias done
Event: 32.086 Thread 0x000001ac3eb4f000 Thread exited: 0x000001ac3eb4f000


Dynamic libraries:
0x00007ff6a40e0000 - 0x00007ff6a40fa000 	C:\Users\Samsung\AppData\Local\Programs\Python\Python311\python.exe
0x00007fff413d0000 - 0x00007fff415c5000 	C:\WINDOWS\SYSTEM32\ntdll.dll
0x00007fff3f740000 - 0x00007fff3f7fe000 	C:\WINDOWS\System32\KERNEL32.DLL
0x00007fff3eec0000 - 0x00007fff3f188000 	C:\WINDOWS\System32\KERNELBASE.dll
0x00007fff3ec00000 - 0x00007fff3ed00000 	C:\WINDOWS\System32\ucrtbase.dll
0x00007fff34bd0000 - 0x00007fff34beb000 	C:\Users\Samsung\AppData\Local\Programs\Python\Python311\VCRUNTIME140.dll
0x00007ffedefa0000 - 0x00007ffedf56e000 	C:\Users\Samsung\AppData\Local\Programs\Python\Python311\python311.dll
0x00007fff40a30000 - 0x00007fff40a9b000 	C:\WINDOWS\System32\WS2_32.dll
0x00007fff40eb0000 - 0x00007fff40fd5000 	C:\WINDOWS\System32\RPCRT4.dll
0x00007fff3f3e0000 - 0x00007fff3f407000 	C:\WINDOWS\System32\bcrypt.dll
0x00007fff40aa0000 - 0x00007fff40b4e000 	C:\WINDOWS\System32\ADVAPI32.dll
0x00007fff412f0000 - 0x00007fff4138e000 	C:\WINDOWS\System32\msvcrt.dll
0x00007fff3f630000 - 0x00007fff3f6cc000 	C:\WINDOWS\System32\sechost.dll
0x00007fff32890000 - 0x00007fff3289a000 	C:\WINDOWS\SYSTEM32\VERSION.dll
0x00007fff3f2f0000 - 0x00007fff3f372000 	C:\WINDOWS\System32\bcryptprimitives.dll
0x000001ac14000000 - 0x000001ac1400f000 	C:\Users\Samsung\AppData\Local\Programs\Python\Python311\python3.DLL
0x00007fff34bb0000 - 0x00007fff34bc5000 	C:\Users\Samsung\AppData\Local\Programs\Python\Python311\DLLs\_socket.pyd
0x00007fff3df30000 - 0x00007fff3df6b000 	C:\WINDOWS\SYSTEM32\IPHLPAPI.DLL
0x00007fff38320000 - 0x00007fff38329000 	C:\Users\Samsung\AppData\Local\Programs\Python\Python311\DLLs\select.pyd
0x00007fff346e0000 - 0x00007fff34708000 	C:\Users\Samsung\AppData\Local\Programs\Python\Python311\DLLs\_ssl.pyd
0x00007fff3f190000 - 0x00007fff3f2e6000 	C:\WINDOWS\System32\CRYPT32.dll
0x00007ffee5960000 - 0x00007ffee5caf000 	C:\Users\Samsung\AppData\Local\Programs\Python\Python311\DLLs\libcrypto-1_1.dll
0x00007ffefe6b0000 - 0x00007ffefe75e000 	C:\Users\Samsung\AppData\Local\Programs\Python\Python311\DLLs\libssl-1_1.dll
0x00007fff3fd80000 - 0x00007fff3ff21000 	C:\WINDOWS\System32\USER32.dll
0x00007fff3eb30000 - 0x00007fff3eb52000 	C:\WINDOWS\System32\win32u.dll
0x00007fff3f600000 - 0x00007fff3f62b000 	C:\WINDOWS\System32\GDI32.dll
0x00007fff3ed00000 - 0x00007fff3ee0d000 	C:\WINDOWS\System32\gdi32full.dll
0x00007fff3eb60000 - 0x00007fff3ebfd000 	C:\WINDOWS\System32\msvcp_win.dll
0x00007fff412c0000 - 0x00007fff412f0000 	C:\WINDOWS\System32\IMM32.DLL
0x00007fff34b90000 - 0x00007fff34ba1000 	C:\Users\Samsung\AppData\Local\Programs\Python\Python311\DLLs\_asyncio.pyd
0x00007fff376a0000 - 0x00007fff376ae000 	C:\Users\Samsung\AppData\Local\Programs\Python\Python311\DLLs\_overlapped.pyd
0x00007fff3e290000 - 0x00007fff3e2fa000 	C:\WINDOWS\system32\mswsock.dll
0x00007fff347e0000 - 0x00007fff347f5000 	C:\Users\Samsung\AppData\Local\Programs\Python\Python311\DLLs\_bz2.pyd
0x00007fff346b0000 - 0x00007fff346d9000 	C:\Users\Samsung\AppData\Local\Programs\Python\Python311\DLLs\_lzma.pyd
0x00007fff35c10000 - 0x00007fff35c19000 	C:\Users\Samsung\AppData\Local\Programs\Python\Python311\DLLs\_queue.pyd
0x00007fff340a0000 - 0x00007fff340be000 	C:\Users\Samsung\AppData\Local\Programs\Python\Python311\DLLs\_ctypes.pyd
0x00007fff40800000 - 0x00007fff4092a000 	C:\WINDOWS\System32\ole32.dll
0x00007fff40b50000 - 0x00007fff40ea5000 	C:\WINDOWS\System32\combase.dll
0x00007fff3f470000 - 0x00007fff3f53d000 	C:\WINDOWS\System32\OLEAUT32.dll
0x00007fff34c20000 - 0x00007fff34c2b000 	C:\Users\Samsung\AppData\Local\Programs\Python\Python311\DLLs\libffi-8.dll
0x00007fff34050000 - 0x00007fff34061000 	C:\Users\Samsung\AppData\Local\Programs\Python\Python311\DLLs\_hashlib.pyd
0x00007fff217d0000 - 0x00007fff2180f000 	C:\Users\Samsung\AppData\Local\Programs\Python\Python311\DLLs\_decimal.pyd
0x00007ffee80f0000 - 0x00007ffee8208000 	C:\Users\Samsung\AppData\Local\Programs\Python\Python311\DLLs\unicodedata.pyd
0x00007fff3a900000 - 0x00007fff3a90d000 	C:\Users\Samsung\AppData\Local\Programs\Python\Python311\DLLs\_zoneinfo.pyd
0x00007fff346a0000 - 0x00007fff346a7000 	C:\Users\Samsung\AppData\Local\Programs\Python\Python311\DLLs\_uuid.pyd
0x00007fff38330000 - 0x00007fff38382000 	D:\DjangoProjects\Lib\site-packages\MySQLdb\_mysql.cp311-win_amd64.pyd
0x00007fff3f6d0000 - 0x00007fff3f725000 	C:\WINDOWS\System32\SHLWAPI.dll
0x00007fff3a3a0000 - 0x00007fff3a3a9000 	C:\WINDOWS\SYSTEM32\WSOCK32.dll
0x00007fff28b80000 - 0x00007fff28b8c000 	C:\WINDOWS\SYSTEM32\Secur32.dll
0x00007fff3e9a0000 - 0x00007fff3e9d1000 	C:\WINDOWS\SYSTEM32\SSPICLI.DLL
0x00007fff212b0000 - 0x00007fff212c7000 	C:\WINDOWS\system32\napinsp.dll
0x00007fff21290000 - 0x00007fff212ab000 	C:\WINDOWS\system32\pnrpnsp.dll
0x00007fff39810000 - 0x00007fff39825000 	C:\WINDOWS\system32\wshbth.dll
0x00007fff3a360000 - 0x00007fff3a37d000 	C:\WINDOWS\system32\NLAapi.dll
0x00007fff3df80000 - 0x00007fff3e04b000 	C:\WINDOWS\SYSTEM32\DNSAPI.dll
0x00007fff3f730000 - 0x00007fff3f738000 	C:\WINDOWS\System32\NSI.dll
0x00007fff21270000 - 0x00007fff21282000 	C:\WINDOWS\System32\winrnr.dll
0x00007fff365f0000 - 0x00007fff365fa000 	C:\Windows\System32\rasadhlp.dll
0x00007fff3c970000 - 0x00007fff3c982000 	C:\WINDOWS\SYSTEM32\kernel.appcore.dll
0x00007ffeb8f00000 - 0x00007ffebadaf000 	D:\DjangoProjects\Lib\site-packages\numpy\.libs\libopenblas64__v0.3.21-gcc_10_3_0.dll
0x00007ffee7ab0000 - 0x00007ffee7d7a000 	D:\DjangoProjects\Lib\site-packages\numpy\core\_multiarray_umath.cp311-win_amd64.pyd
0x00007fff37860000 - 0x00007fff37875000 	D:\DjangoProjects\Lib\site-packages\numpy\core\_multiarray_tests.cp311-win_amd64.pyd
0x00007fff34bf0000 - 0x00007fff34c0e000 	D:\DjangoProjects\Lib\site-packages\numpy\linalg\_umath_linalg.cp311-win_amd64.pyd
0x00007fff349b0000 - 0x00007fff349d0000 	D:\DjangoProjects\Lib\site-packages\numpy\fft\_pocketfft_internal.cp311-win_amd64.pyd
0x00007fff33fa0000 - 0x00007fff3402f000 	D:\DjangoProjects\Lib\site-packages\numpy\random\mtrand.cp311-win_amd64.pyd
0x00007fff340e0000 - 0x00007fff34106000 	D:\DjangoProjects\Lib\site-packages\numpy\random\bit_generator.cp311-win_amd64.pyd
0x00007fff33f40000 - 0x00007fff33f6d000 	D:\DjangoProjects\Lib\site-packages\numpy\random\_common.cp311-win_amd64.pyd
0x00007fff33bd0000 - 0x00007fff33c0b000 	D:\DjangoProjects\Lib\site-packages\numpy\random\_bounded_integers.cp311-win_amd64.pyd
0x00007fff34660000 - 0x00007fff34674000 	D:\DjangoProjects\Lib\site-packages\numpy\random\_mt19937.cp311-win_amd64.pyd
0x00007fff340c0000 - 0x00007fff340d3000 	D:\DjangoProjects\Lib\site-packages\numpy\random\_philox.cp311-win_amd64.pyd
0x00007fff33f80000 - 0x00007fff33f96000 	D:\DjangoProjects\Lib\site-packages\numpy\random\_pcg64.cp311-win_amd64.pyd
0x00007fff349a0000 - 0x00007fff349b0000 	D:\DjangoProjects\Lib\site-packages\numpy\random\_sfc64.cp311-win_amd64.pyd
0x00007fff16e60000 - 0x00007fff16f03000 	D:\DjangoProjects\Lib\site-packages\numpy\random\_generator.cp311-win_amd64.pyd
0x00007fff347c0000 - 0x00007fff347c9000 	D:\DjangoProjects\Lib\site-packages\matplotlib\_c_internal_utils.cp311-win_amd64.pyd
0x00007fff3ff30000 - 0x00007fff40674000 	C:\WINDOWS\System32\SHELL32.dll
0x00007ffee3c70000 - 0x00007ffee3ebd000 	D:\DjangoProjects\Lib\site-packages\PIL\_imaging.cp311-win_amd64.pyd
0x00007fff33ba0000 - 0x00007fff33bc7000 	D:\DjangoProjects\Lib\site-packages\matplotlib\_path.cp311-win_amd64.pyd
0x00007fff09450000 - 0x00007fff094eb000 	D:\DjangoProjects\Lib\site-packages\matplotlib.libs\msvcp140-e78ebc24b6ffa690be9375aacad743a7.dll
0x00007ffeff3b0000 - 0x00007ffeff449000 	D:\DjangoProjects\Lib\site-packages\matplotlib\ft2font.cp311-win_amd64.pyd
0x00007fff33b70000 - 0x00007fff33b91000 	D:\DjangoProjects\Lib\site-packages\kiwisolver\_cext.cp311-win_amd64.pyd
0x00007fff29300000 - 0x00007fff2938e000 	C:\WINDOWS\SYSTEM32\MSVCP140.dll
0x00007fff34c30000 - 0x00007fff34c3c000 	C:\Users\Samsung\AppData\Local\Programs\Python\Python311\VCRUNTIME140_1.dll
0x00007fff33b40000 - 0x00007fff33b69000 	D:\DjangoProjects\Lib\site-packages\matplotlib\_image.cp311-win_amd64.pyd
0x00007ffefe170000 - 0x00007ffefe317000 	D:\DjangoProjects\Lib\site-packages\PIL\_imagingft.cp311-win_amd64.pyd
0x00007fff2e870000 - 0x00007fff2e88f000 	D:\DjangoProjects\Lib\site-packages\wordcloud\query_integral_image.cp311-win_amd64.pyd
0x00007fff1ad80000 - 0x00007fff1adf4000 	D:\DjangoProjects\Lib\site-packages\_jpype.cp311-win_amd64.pyd
0x00007fff2b9c0000 - 0x00007fff2ba3f000 	C:\WINDOWS\System32\fwpuclnt.dll
0x00007ffeb7990000 - 0x00007ffeb84d1000 	C:\java\jdk_11\bin\server\jvm.dll
0x00007fff409c0000 - 0x00007fff409c8000 	C:\WINDOWS\System32\PSAPI.DLL
0x00007fff2cb60000 - 0x00007fff2cb87000 	C:\WINDOWS\SYSTEM32\WINMM.dll
0x00007fff2d770000 - 0x00007fff2d781000 	C:\java\jdk_11\bin\verify.dll
0x00007fff30ce0000 - 0x00007fff30ec4000 	C:\WINDOWS\SYSTEM32\DBGHELP.DLL
0x00007fff27d60000 - 0x00007fff27d8c000 	C:\WINDOWS\SYSTEM32\dbgcore.DLL
0x00007fff160b0000 - 0x00007fff160d8000 	C:\java\jdk_11\bin\java.dll
0x00007fff16db0000 - 0x00007fff16dc6000 	C:\java\jdk_11\bin\zip.dll
0x00007fff34730000 - 0x00007fff3473a000 	C:\java\jdk_11\bin\jimage.dll
0x00007fff3cb70000 - 0x00007fff3d305000 	C:\WINDOWS\SYSTEM32\windows.storage.dll
0x00007fff3e530000 - 0x00007fff3e55e000 	C:\WINDOWS\System32\Wldp.dll
0x00007fff3f550000 - 0x00007fff3f5fd000 	C:\WINDOWS\System32\SHCORE.dll
0x00007fff3ea20000 - 0x00007fff3ea3f000 	C:\WINDOWS\SYSTEM32\profapi.dll
0x00007fff13a70000 - 0x00007fff13a89000 	C:\java\jdk_11\bin\net.dll
0x00007fff33460000 - 0x00007fff3356c000 	C:\WINDOWS\SYSTEM32\WINHTTP.dll
0x00007fff11800000 - 0x00007fff11813000 	C:\java\jdk_11\bin\nio.dll
0x00007fff08af0000 - 0x00007fff08b25000 	D:\DjangoProjects\Lib\site-packages\matplotlib\backends\_backend_agg.cp311-win_amd64.pyd
0x00007fff10e70000 - 0x00007fff10e81000 	C:\Users\Samsung\AppData\Local\Programs\Python\Python311\DLLs\_tkinter.pyd
0x00007ffee1900000 - 0x00007ffee1acb000 	C:\Users\Samsung\AppData\Local\Programs\Python\Python311\DLLs\tcl86t.dll
0x00007fff3e9e0000 - 0x00007fff3ea0e000 	C:\WINDOWS\SYSTEM32\USERENV.dll
0x00007fff29f20000 - 0x00007fff29f39000 	C:\WINDOWS\SYSTEM32\NETAPI32.dll
0x00007fff3e0a0000 - 0x00007fff3e0e3000 	C:\WINDOWS\SYSTEM32\LOGONCLI.DLL
0x00007fff2e5d0000 - 0x00007fff2e5e9000 	C:\WINDOWS\SYSTEM32\SAMCLI.DLL
0x00007fff3df70000 - 0x00007fff3df7c000 	C:\WINDOWS\SYSTEM32\NETUTILS.DLL
0x00007ffee8230000 - 0x00007ffee83ab000 	C:\Users\Samsung\AppData\Local\Programs\Python\Python311\DLLs\tk86t.dll
0x00007fff3f820000 - 0x00007fff3f8fa000 	C:\WINDOWS\System32\COMDLG32.dll
0x00007fff2bdd0000 - 0x00007fff2c06a000 	C:\WINDOWS\WinSxS\amd64_microsoft.windows.common-controls_6595b64144ccf1df_6.0.19041.1110_none_60b5254171f9507e\COMCTL32.dll
0x00007fff34690000 - 0x00007fff34699000 	D:\DjangoProjects\Lib\site-packages\matplotlib\backends\_tkagg.cp311-win_amd64.pyd
0x00007fff3c490000 - 0x00007fff3c52e000 	C:\WINDOWS\system32\uxtheme.dll
0x00007fff406e0000 - 0x00007fff407f5000 	C:\WINDOWS\System32\MSCTF.dll
0x00007fff345c0000 - 0x00007fff345ca000 	C:\Users\Samsung\AppData\Local\Programs\Python\Python311\tcl\reg1.3\tclreg13.dll
0x00007fff33cd0000 - 0x00007fff33cd9000 	D:\DjangoProjects\Lib\site-packages\PIL\_imagingtk.cp311-win_amd64.pyd
0x00007fff344b0000 - 0x00007fff345a9000 	C:\WINDOWS\SYSTEM32\textinputframework.dll
0x00007fff3bd20000 - 0x00007fff3c07e000 	C:\WINDOWS\System32\CoreUIComponents.dll
0x00007fff3c080000 - 0x00007fff3c172000 	C:\WINDOWS\System32\CoreMessaging.dll
0x00007fff3d880000 - 0x00007fff3d8b3000 	C:\WINDOWS\SYSTEM32\ntmarta.dll
0x00007fff3a9b0000 - 0x00007fff3ab04000 	C:\WINDOWS\SYSTEM32\wintypes.dll

dbghelp: loaded successfully - version: 4.0.5 - missing functions: none
symbol engine: initialized successfully - sym options: 0x614 - pdb path: .;C:\Users\Samsung\AppData\Local\Programs\Python\Python311;C:\WINDOWS\SYSTEM32;C:\Users\Samsung\AppData\Local\Programs\Python\Python311\DLLs;D:\DjangoProjects\Lib\site-packages\MySQLdb;D:\DjangoProjects\Lib\site-packages\numpy\.libs;D:\DjangoProjects\Lib\site-packages\numpy\core;D:\DjangoProjects\Lib\site-packages\numpy\linalg;D:\DjangoProjects\Lib\site-packages\numpy\fft;D:\DjangoProjects\Lib\site-packages\numpy\random;D:\DjangoProjects\Lib\site-packages\matplotlib;D:\DjangoProjects\Lib\site-packages\PIL;D:\DjangoProjects\Lib\site-packages\matplotlib.libs;D:\DjangoProjects\Lib\site-packages\kiwisolver;D:\DjangoProjects\Lib\site-packages\wordcloud;D:\DjangoProjects\Lib\site-packages;C:\java\jdk_11\bin\server;C:\java\jdk_11\bin;D:\DjangoProjects\Lib\site-packages\matplotlib\backends;C:\WINDOWS\WinSxS\amd64_microsoft.windows.common-controls_6595b64144ccf1df_6.0.19041.1110_none_60b5254171f9507e;C:\Users\Samsung\AppData\Local\Programs\Python\Python311\tcl\reg1.3

VM Arguments:
jvm_args: -Dfile.encoding=UTF8 -ea -Xmx1024m 
java_command: <unknown>
java_class_path (initial): D:\DjangoProjects\Lib\site-packages\konlpy\java;D:\DjangoProjects\Lib\site-packages\konlpy\java\bin;D:\DjangoProjects\Lib\site-packages\konlpy\java\aho-corasick.jar;D:\DjangoProjects\Lib\site-packages\konlpy\java\jhannanum-0.8.4.jar;D:\DjangoProjects\Lib\site-packages\konlpy\java\kkma-2.0.jar;D:\DjangoProjects\Lib\site-packages\konlpy\java\komoran-3.0.jar;D:\DjangoProjects\Lib\site-packages\konlpy\java\open-korean-text-2.1.0.jar;D:\DjangoProjects\Lib\site-packages\konlpy\java\scala-library-2.12.3.jar;D:\DjangoProjects\Lib\site-packages\konlpy\java\shineware-common-1.0.jar;D:\DjangoProjects\Lib\site-packages\konlpy\java\shineware-ds-1.0.jar;D:\DjangoProjects\Lib\site-packages\konlpy\java\snakeyaml-1.12.jar;D:\DjangoProjects\Lib\site-packages\konlpy\java\twitter-text-1.14.7.jar;D:\DjangoProjects\Lib\site-packages\konlpy\java\jhannanum-0.8.4.jar;D:\DjangoProjects\Lib\site-packages\konlpy\java\kkma-2.0.jar;D:\DjangoProjects\Lib\site-packages\konlpy\java\aho-corasick.jar;D:\DjangoProjects\Lib\site-packages\konlpy\java\shineware-common-1.0.jar;D:\DjangoProjects\Lib\site-packages\konlpy\java\shineware-ds-1.0.jar;D:\DjangoProjects\Lib\site-packages\konlpy\java\komoran-3.0.jar;D:\DjangoProjects\Lib\site-packages\konlpy\java\snakeyaml-1.12.jar;D:\DjangoProjects\Lib\site-packages\konlpy\java\scala-library-2.12.3.jar;D:\DjangoProjects\Lib\site-packages\konlpy\java\open-korean-text-2.1.0.jar;D:\DjangoProjects\Lib\site-packages\konlpy\java\twitter-text-1.14.7.jar;D:\DjangoProjects\Lib\site-packages\konlpy\java\aho-corasick.jar;D:\DjangoProjects\Lib\site-packages\konlpy\java\jhannanum-0.8.4.jar;D:\DjangoProjects\Lib\site-packages\konlpy\java\kkma-2.0.jar;D:\DjangoProjects\Lib\site-packages\konlpy\java\komoran-3.0.jar;D:\DjangoProjects\Lib\site-packages\konlpy\java\open-korean-text-2.1.0.jar;D:\DjangoProjects\Lib\site-packages\konlpy\java\scala-library-2.12.3.jar;D:\DjangoProjects\Lib\site-packages\konlpy\java\shineware-common-1.0.jar;D:\DjangoProjects\
Launcher Type: generic

[Global flags]
     intx CICompilerCount                          = 3                                         {product} {ergonomic}
     uint ConcGCThreads                            = 1                                         {product} {ergonomic}
     uint G1ConcRefinementThreads                  = 4                                         {product} {ergonomic}
   size_t G1HeapRegionSize                         = 1048576                                   {product} {ergonomic}
    uintx GCDrainStackTargetSize                   = 64                                        {product} {ergonomic}
   size_t InitialHeapSize                          = 134217728                                 {product} {ergonomic}
   size_t MarkStackSize                            = 4194304                                   {product} {ergonomic}
   size_t MaxHeapSize                              = 1073741824                                {product} {command line}
   size_t MaxNewSize                               = 643825664                                 {product} {ergonomic}
   size_t MinHeapDeltaBytes                        = 1048576                                   {product} {ergonomic}
    uintx NonNMethodCodeHeapSize                   = 5830092                                {pd product} {ergonomic}
    uintx NonProfiledCodeHeapSize                  = 122914074                              {pd product} {ergonomic}
    uintx ProfiledCodeHeapSize                     = 122914074                              {pd product} {ergonomic}
    uintx ReservedCodeCacheSize                    = 251658240                              {pd product} {ergonomic}
     bool SegmentedCodeCache                       = true                                      {product} {ergonomic}
     bool UseCompressedClassPointers               = true                                 {lp64_product} {ergonomic}
     bool UseCompressedOops                        = true                                 {lp64_product} {ergonomic}
     bool UseG1GC                                  = true                                      {product} {ergonomic}
     bool UseLargePagesIndividualAllocation        = false                                  {pd product} {ergonomic}

Logging:
Log output configuration:
 #0: stdout all=warning uptime,level,tags
 #1: stderr all=off uptime,level,tags

Environment Variables:
JAVA_HOME=C:\java\jdk_11
CLASSPATH=C:\java\jdk_11\lib
PATH=D:\DjangoProjects\Scripts;C:\ProgramData\Oracle\Java\javapath;C:\Program Files (x86)\Intel\iCLS Client\;C:\Program Files\Intel\iCLS Client\;C:\windows\system32;C:\windows;C:\windows\System32\Wbem;C:\windows\System32\WindowsPowerShell\v1.0\;C:\Program Files (x86)\NVIDIA Corporation\PhysX\Common;C:\Program Files (x86)\Intel\Intel(R) Management Engine Components\DAL;C:\Program Files\Intel\Intel(R) Management Engine Components\DAL;C:\Program Files (x86)\Intel\Intel(R) Management Engine Components\IPT;C:\Program Files\Intel\Intel(R) Management Engine Components\IPT;C:\Program Files\dotnet\;D:\anaconda;D:\anaconda\Script;C:\Program Files\Microsoft SQL Server\130\Tools\Binn\;C:\Program Files\Java\jdk1.8.0_161\bin;C:\WINDOWS\system32;C:\WINDOWS;C:\WINDOWS\System32\Wbem;C:\WINDOWS\System32\WindowsPowerShell\v1.0\;C:\WINDOWS\System32\OpenSSH\;C:\Program Files\SourceGear\Common\DiffMerge\;C:\WINDOWS\system32\JXInstDSP;C:\WINDOWS\SysWOW64\JXInstDSP;C:\WINDOWS\system32;C:\WINDOWS;C:\WINDOWS\System32\Wbem;C:\WINDOWS\System32\WindowsPowerShell\v1.0\;C:\WINDOWS\System32\OpenSSH\;C:\Program Files\Amazon\AWSCLIV2\;C:\java\jdk_11\bin;C:\Program Files\Git\cmd;C:\Program Files (x86)\NetSarang\Xshell 7\;C:\Program Files\PuTTY\;C:\Program Files\Docker\Docker\resources\bin;C:\ProgramData\DockerDesktop\version-bin;C:\Program Files\MySQL\MySQL Server 8.0\bin;C:\Program Files\MySQL\MySQL Shell 8.0\bin\;C:\Ruby32\bin;C:\Users\Samsung\AppData\Local\Programs\Python\Python311\Scripts\;C:\Users\Samsung\AppData\Local\Programs\Python\Python311\;D:\anaconda;D:\anaconda\Library\mingw-w64\bin;D:\anaconda\Library\usr\bin;D:\anaconda\Library\bin;D:\anaconda\Scripts;C:\Users\Samsung\AppData\Local\Microsoft\WindowsApps;C:\Users\Samsung\AppData\Local\GitHubDesktop\bin;C:\Users\Samsung\AppData\Local\Microsoft\WindowsApps;;C:\Users\Samsung\AppData\Local\Programs\Microsoft VS Code\bin
USERNAME=Samsung
OS=Windows_NT
PROCESSOR_IDENTIFIER=Intel64 Family 6 Model 158 Stepping 9, GenuineIntel



---------------  S Y S T E M  ---------------

OS: Windows 10 , 64 bit Build 19041 (10.0.19041.1466)

CPU:total 4 (initial active 4) (4 cores per cpu, 1 threads per core) family 6 model 158 stepping 9, cmov, cx8, fxsr, mmx, sse, sse2, sse3, ssse3, sse4.1, sse4.2, popcnt, avx, avx2, aes, clmul, erms, 3dnowpref, lzcnt, tsc, tscinvbit, bmi1, bmi2, adx, fma

Memory: 4k page, system-wide physical 8105M (433M free)
TotalPageFile size 21431M (AvailPageFile size 2930M)
current process WorkingSet (physical memory assigned to process): 375M, peak: 405M
current process commit charge ("private bytes"): 523M, peak: 554M

vm_info: OpenJDK 64-Bit Server VM (11+28) for windows-amd64 JRE (11+28), built on Aug 23 2018 03:04:58 by "mach5one" with MS VC++ 15.5 (VS2017)

END.
